["2025-02-11T09:08:54.353", "DEBUG", "ubuntupro.config", "parse_config", 476, "Using client configuration file at /etc/ubuntu-advantage/uaclient.conf", {}]
["2025-02-11T09:08:54.356", "DEBUG", "ubuntupro.system", "load_file", 536, "Reading file: /etc/ubuntu-advantage/uaclient.conf", {}]
["2025-02-11T09:08:54.356", "DEBUG", "ubuntupro.files.files", "read", 58, "Tried to load /var/lib/ubuntu-advantage/user-config.json but file does not exist", {}]
["2025-02-11T09:08:54.362", "DEBUG", "ubuntupro.http", "configure_web_proxy", 146, "Setting no_proxy: 169.254.169.254,[fd00:ec2::254],metadata", {}]
["2025-02-11T09:08:54.362", "DEBUG", "ubuntupro.http", "configure_web_proxy", 154, "Setting global proxy dict", {}]
["2025-02-11T09:08:54.362", "DEBUG", "ubuntupro.cli", "main", 283, "Executed with sys.argv: ['/usr/bin/pro', 'status', '--format=json']", {}]
["2025-02-11T09:08:54.363", "DEBUG", "ubuntupro.files.files", "read", 58, "Tried to load /var/lib/ubuntu-advantage/machine-token.json but file does not exist", {}]
["2025-02-11T09:08:54.363", "DEBUG", "ubuntupro.files.files", "read", 58, "Tried to load /var/lib/ubuntu-advantage/machine-token.json but file does not exist", {}]
["2025-02-11T09:08:54.363", "DEBUG", "ubuntupro.system", "load_file", 536, "Reading file: /etc/os-release", {}]
["2025-02-11T09:08:54.363", "DEBUG", "ubuntupro.system", "load_file", 536, "Reading file: /proc/version_signature", {}]
["2025-02-11T09:08:54.975", "DEBUG", "ubuntupro.files.files", "read", 58, "Tried to load /var/lib/ubuntu-advantage/machine-token.json but file does not exist", {}]
["2025-02-11T09:08:54.976", "DEBUG", "ubuntupro.files.files", "read", 58, "Tried to load /var/lib/ubuntu-advantage/machine-token.json but file does not exist", {}]
["2025-02-11T09:08:54.977", "DEBUG", "ubuntupro.http", "readurl", 348, "URL [GET]: https://contracts.canonical.com/v1/resources?architecture=amd64&kernel=6.11.0-14-generic&series=oracular&virt=oracle, headers: {'accept': 'application/json', 'content-type': 'application/json', 'user-agent': 'UA-Client/34.1.2'}, data: None", {}]
["2025-02-11T09:08:54.977", "DEBUG", "ubuntupro.http", "should_use_pycurl", 208, "Should use pycurl: False", {}]
["2025-02-11T09:08:55.721", "DEBUG", "ubuntupro.http", "readurl", 388, "URL [GET] response: https://contracts.canonical.com/v1/resources?architecture=amd64&kernel=6.11.0-14-generic&series=oracular&virt=oracle, headers: {'accept-ranges': 'bytes', 'cache-control': 'no-store, max-age=0', 'connection': 'close', 'content-length': '871', 'content-type': 'application/json', 'date': 'Tue, 11 Feb 2025 16:08:55 GMT', 'server': 'nginx/1.18.0 (Ubuntu)', 'strict-transport-security': 'max-age=15724800; includeSubDomains', 'x-cache-status': 'MISS from content-cache-il3/1', 'x-trace-id': '4966265a-f44e-4691-a091-bc72a6e5832e'}, data: {'resources': [{'available': False, 'name': 'anbox-cloud'}, {'available': True, 'name': 'anbox-images'}, {'available': True, 'name': 'cc'}, {'available': False, 'name': 'cc-eal'}, {'available': False, 'name': 'cis'}, {'available': False, 'name': 'esm'}, {'available': False, 'name': 'esm-apps'}, {'available': False, 'name': 'esm-apps-python'}, {'available': False, 'name': 'esm-infra'}, {'available': False, 'name': 'esm-infra-legacy'}, {'available': False, 'name': 'esm-python'}, {'available': False, 'name': 'esm-ros'}, {'available': False, 'name': 'fips'}, {'available': False, 'name': 'fips-preview'}, {'available': False, 'name': 'fips-updates'}, {'available': False, 'name': 'landscape'}, {'available': False, 'name': 'livepatch'}, {'available': True, 'name': 'livepatch-onprem'}, {'available': False, 'name': 'realtime-kernel'}, {'available': False, 'name': 'ros'}, {'available': False, 'name': 'ros-updates'}, {'available': True, 'name': 'support'}]}", {}]
["2025-02-11T09:08:55.724", "DEBUG", "ubuntupro.status", "_unattached_status", 300, "Ignoring availability of unknown service anbox-images from contract server", {}]
["2025-02-11T09:08:55.724", "DEBUG", "ubuntupro.status", "_unattached_status", 300, "Ignoring availability of unknown service cc from contract server", {}]
["2025-02-11T09:08:55.724", "DEBUG", "ubuntupro.status", "_unattached_status", 300, "Ignoring availability of unknown service esm from contract server", {}]
["2025-02-11T09:08:55.725", "DEBUG", "ubuntupro.status", "_unattached_status", 300, "Ignoring availability of unknown service esm-apps-python from contract server", {}]
["2025-02-11T09:08:55.725", "DEBUG", "ubuntupro.status", "_unattached_status", 300, "Ignoring availability of unknown service esm-infra-legacy from contract server", {}]
["2025-02-11T09:08:55.725", "DEBUG", "ubuntupro.status", "_unattached_status", 300, "Ignoring availability of unknown service esm-python from contract server", {}]
["2025-02-11T09:08:55.725", "DEBUG", "ubuntupro.status", "_unattached_status", 300, "Ignoring availability of unknown service esm-ros from contract server", {}]
["2025-02-11T09:08:55.726", "DEBUG", "ubuntupro.livepatch", "status", 126, "canonical-livepatch is not installed", {}]
["2025-02-11T09:08:55.726", "DEBUG", "ubuntupro.files.files", "read", 58, "Tried to load /home/Nathan/.cache/ubuntu-pro/livepatch-kernel-support-cache.json but file does not exist", {}]
["2025-02-11T09:08:55.726", "DEBUG", "ubuntupro.livepatch", "on_supported_kernel", 361, "using livepatch support api", {}]
["2025-02-11T09:08:55.726", "DEBUG", "ubuntupro.config", "parse_config", 476, "Using client configuration file at /etc/ubuntu-advantage/uaclient.conf", {}]
["2025-02-11T09:08:55.726", "DEBUG", "ubuntupro.system", "load_file", 536, "Reading file: /etc/ubuntu-advantage/uaclient.conf", {}]
["2025-02-11T09:08:55.727", "DEBUG", "ubuntupro.files.files", "read", 58, "Tried to load /var/lib/ubuntu-advantage/user-config.json but file does not exist", {}]
["2025-02-11T09:08:55.727", "DEBUG", "ubuntupro.http", "readurl", 348, "URL [GET]: https://livepatch.canonical.com/v1/api/kernels/supported?architecture=amd64&build-date=2025-01-10T23%3A48%3A25%2B00%3A00&codename=oracular&flavour=generic&kernel-version=6.11, headers: {'accept': 'application/json', 'content-type': 'application/json', 'user-agent': 'UA-Client/34.1.2'}, data: None", {}]
["2025-02-11T09:08:55.728", "DEBUG", "ubuntupro.http", "should_use_pycurl", 208, "Should use pycurl: False", {}]
["2025-02-11T09:08:56.233", "DEBUG", "ubuntupro.http", "readurl", 388, "URL [GET] response: https://livepatch.canonical.com/v1/api/kernels/supported?architecture=amd64&build-date=2025-01-10T23%3A48%3A25%2B00%3A00&codename=oracular&flavour=generic&kernel-version=6.11, headers: {'accept-ranges': 'bytes', 'cache-control': 'no-store, max-age=0', 'connection': 'close', 'content-length': '27', 'content-type': 'application/json', 'date': 'Tue, 11 Feb 2025 16:08:56 GMT', 'server': 'nginx/1.18.0 (Ubuntu)', 'strict-transport-security': 'max-age=15724800; includeSubDomains', 'x-cache-status': 'MISS from content-cache-il3/1'}, data: {'Supported': 'unsupported'}", {}]
["2025-02-11T09:08:56.235", "DEBUG", "ubuntupro.system", "write_file", 580, "Writing file /home/Nathan/.cache/ubuntu-pro/livepatch-kernel-support-cache.json atomically via tempfile /home/Nathan/.cache/ubuntu-pro/tmpz9afrveb", {}]
["2025-02-11T09:08:56.250", "DEBUG", "ubuntupro.status", "_unattached_status", 300, "Ignoring availability of unknown service livepatch-onprem from contract server", {}]
["2025-02-11T09:08:56.251", "DEBUG", "ubuntupro.status", "_unattached_status", 300, "Ignoring availability of unknown service support from contract server", {}]
["2025-02-11T09:08:56.251", "DEBUG", "ubuntupro.files.files", "read", 58, "Tried to load /var/lib/ubuntu-advantage/lock but file does not exist", {}]
["2025-02-11T09:08:56.251", "DEBUG", "ubuntupro.files.files", "read", 58, "Tried to load /var/lib/ubuntu-advantage/user-config.json but file does not exist", {}]
